[INFO ] 2018-03-21 13:07:09,092 method:utils.DataProviders.<init>(DataProviders.java:87)
======Excel file path : C:\workspace\tms\src\test\resource\testdata\IPSTest.xlsx=======
[INFO ] 2018-03-21 13:07:09,863 method:com.test.framework.LogListener.onTestSuccess(LogListener.java:25)
===========================class org.testng.internal.TestResult.loginTest run successed!============================
[INFO ] 2018-03-21 13:07:09,864 method:com.test.framework.LogListener.onTestSuccess(LogListener.java:27)
************ current context massage ************ start ************
[INFO ] 2018-03-21 13:07:09,865 method:com.test.framework.LogListener$1.execute(LogListener.java:77)
***context have Map type,size : 1***
[INFO ] 2018-03-21 13:07:09,866 method:com.test.framework.LogListener$1.execute(LogListener.java:81)
***jwt : Bearer eyJraWQiOiI3YTEzMDIzYS0wNDFhLTQwZDctYjNlYi0xODYyOGQ1YzQ5OGUiLCJhbGciOiJSUzI1NiJ9.eyJpc3MiOiJpc3N1ZXIiLCJhdWQiOiJhdWRpZW5jZSIsImV4cCI6MTUyMjgxODQzMCwianRpIjoiOFJVS2lLWDk3aGhEUG5NbVlGQkJpQSIsImlhdCI6MTUyMTYwODgzMCwibmJmIjoxNTIxNjA4NzEwLCJzdWIiOiIxNzU3NjA3NTQ3OCIsImF0dHJpYnV0ZXMiOiJ7XCJtb2JpbGVcIjpcIjE3NTc2MDc1NDc4XCIsXCJyZWFsTmFtZVwiOlwi5oi06ZuE5Z2kLea1i-ivlVwiLFwiZW1haWxWZXJpZnlcIjpmYWxzZSxcIiRleHBpcmF0aW9uLXRpbWVcIjoxNTIyODE4NDMwMTU1LFwic3RhdHVzXCI6XCJhY3RpdmF0ZWRcIn0ifQ.D3WVboUezf-_tltA75_ggwywXLJhnwPRyIbLvWuzPRWD-7jok3stW12PO-bEkzgf4TZFSoHPkGTXMAKqdYlGSUODUmpb5OvD4S_pzv4WVO_QbtCtfkA2o9AgxVMdf0igL2N2Z85uRK_akLDezIrhn0EgV4hEF50L-Hd34fweWGoxpdV_7LKQJPKx4fvRtMhFThleWJZqQ-EClmTGamotLDtIkM-2WbrsoZw3TwW1Okf_-nCZreMtyIQ9JuV-iPqBGUHLSDvIOtvIGlHADkmxPViHN4jl72KIoD5YFh2LJFUXGMK1nNuQs2Wq2QK_HM3KsusWkqwINweGKRcCkguxZQ***
[INFO ] 2018-03-21 13:07:09,866 method:com.test.framework.LogListener.onTestSuccess(LogListener.java:29)
************ current context massage ************ end ************
[INFO ] 2018-03-21 13:07:09,868 method:utils.DataProviders.<init>(DataProviders.java:87)
======Excel file path : C:\workspace\tms\src\test\resource\testdata\IPSTest.xlsx=======
[INFO ] 2018-03-21 13:07:09,991 method:com.test.framework.LogListener.onTestSuccess(LogListener.java:25)
===========================class org.testng.internal.TestResult.findTaskInstallTest run successed!============================
[INFO ] 2018-03-21 13:07:09,992 method:com.test.framework.LogListener.onTestSuccess(LogListener.java:27)
************ current context massage ************ start ************
[INFO ] 2018-03-21 13:07:09,992 method:com.test.framework.LogListener$1.execute(LogListener.java:77)
***context have Map type,size : 4***
[INFO ] 2018-03-21 13:07:09,992 method:com.test.framework.LogListener$1.execute(LogListener.java:81)
***jwt : Bearer eyJraWQiOiI3YTEzMDIzYS0wNDFhLTQwZDctYjNlYi0xODYyOGQ1YzQ5OGUiLCJhbGciOiJSUzI1NiJ9.eyJpc3MiOiJpc3N1ZXIiLCJhdWQiOiJhdWRpZW5jZSIsImV4cCI6MTUyMjgxODQzMCwianRpIjoiOFJVS2lLWDk3aGhEUG5NbVlGQkJpQSIsImlhdCI6MTUyMTYwODgzMCwibmJmIjoxNTIxNjA4NzEwLCJzdWIiOiIxNzU3NjA3NTQ3OCIsImF0dHJpYnV0ZXMiOiJ7XCJtb2JpbGVcIjpcIjE3NTc2MDc1NDc4XCIsXCJyZWFsTmFtZVwiOlwi5oi06ZuE5Z2kLea1i-ivlVwiLFwiZW1haWxWZXJpZnlcIjpmYWxzZSxcIiRleHBpcmF0aW9uLXRpbWVcIjoxNTIyODE4NDMwMTU1LFwic3RhdHVzXCI6XCJhY3RpdmF0ZWRcIn0ifQ.D3WVboUezf-_tltA75_ggwywXLJhnwPRyIbLvWuzPRWD-7jok3stW12PO-bEkzgf4TZFSoHPkGTXMAKqdYlGSUODUmpb5OvD4S_pzv4WVO_QbtCtfkA2o9AgxVMdf0igL2N2Z85uRK_akLDezIrhn0EgV4hEF50L-Hd34fweWGoxpdV_7LKQJPKx4fvRtMhFThleWJZqQ-EClmTGamotLDtIkM-2WbrsoZw3TwW1Okf_-nCZreMtyIQ9JuV-iPqBGUHLSDvIOtvIGlHADkmxPViHN4jl72KIoD5YFh2LJFUXGMK1nNuQs2Wq2QK_HM3KsusWkqwINweGKRcCkguxZQ***
[INFO ] 2018-03-21 13:07:09,992 method:com.test.framework.LogListener$1.execute(LogListener.java:81)
***waybillId : 1zt003000003***
[INFO ] 2018-03-21 13:07:09,992 method:com.test.framework.LogListener$1.execute(LogListener.java:81)
***id : WIY4q42d0lUBQh4L***
[INFO ] 2018-03-21 13:07:09,993 method:com.test.framework.LogListener$1.execute(LogListener.java:81)
***taskId : WIY4q42d0lUBQh4L***
[INFO ] 2018-03-21 13:07:09,993 method:com.test.framework.LogListener.onTestSuccess(LogListener.java:29)
************ current context massage ************ end ************
[INFO ] 2018-03-21 13:07:09,993 method:utils.DataProviders.<init>(DataProviders.java:87)
======Excel file path : C:\workspace\tms\src\test\resource\testdata\IPSTest.xlsx=======
[INFO ] 2018-03-21 13:07:10,079 method:com.test.framework.LogListener.onTestSuccess(LogListener.java:25)
===========================class org.testng.internal.TestResult.findMetaTest run successed!============================
[INFO ] 2018-03-21 13:07:10,080 method:com.test.framework.LogListener.onTestSuccess(LogListener.java:27)
************ current context massage ************ start ************
[INFO ] 2018-03-21 13:07:10,080 method:com.test.framework.LogListener$1.execute(LogListener.java:77)
***context have Map type,size : 5***
[INFO ] 2018-03-21 13:07:10,080 method:com.test.framework.LogListener$1.execute(LogListener.java:81)
***jwt : Bearer eyJraWQiOiI3YTEzMDIzYS0wNDFhLTQwZDctYjNlYi0xODYyOGQ1YzQ5OGUiLCJhbGciOiJSUzI1NiJ9.eyJpc3MiOiJpc3N1ZXIiLCJhdWQiOiJhdWRpZW5jZSIsImV4cCI6MTUyMjgxODQzMCwianRpIjoiOFJVS2lLWDk3aGhEUG5NbVlGQkJpQSIsImlhdCI6MTUyMTYwODgzMCwibmJmIjoxNTIxNjA4NzEwLCJzdWIiOiIxNzU3NjA3NTQ3OCIsImF0dHJpYnV0ZXMiOiJ7XCJtb2JpbGVcIjpcIjE3NTc2MDc1NDc4XCIsXCJyZWFsTmFtZVwiOlwi5oi06ZuE5Z2kLea1i-ivlVwiLFwiZW1haWxWZXJpZnlcIjpmYWxzZSxcIiRleHBpcmF0aW9uLXRpbWVcIjoxNTIyODE4NDMwMTU1LFwic3RhdHVzXCI6XCJhY3RpdmF0ZWRcIn0ifQ.D3WVboUezf-_tltA75_ggwywXLJhnwPRyIbLvWuzPRWD-7jok3stW12PO-bEkzgf4TZFSoHPkGTXMAKqdYlGSUODUmpb5OvD4S_pzv4WVO_QbtCtfkA2o9AgxVMdf0igL2N2Z85uRK_akLDezIrhn0EgV4hEF50L-Hd34fweWGoxpdV_7LKQJPKx4fvRtMhFThleWJZqQ-EClmTGamotLDtIkM-2WbrsoZw3TwW1Okf_-nCZreMtyIQ9JuV-iPqBGUHLSDvIOtvIGlHADkmxPViHN4jl72KIoD5YFh2LJFUXGMK1nNuQs2Wq2QK_HM3KsusWkqwINweGKRcCkguxZQ***
[INFO ] 2018-03-21 13:07:10,080 method:com.test.framework.LogListener$1.execute(LogListener.java:81)
***waybillId : 1zt003000003***
[INFO ] 2018-03-21 13:07:10,080 method:com.test.framework.LogListener$1.execute(LogListener.java:81)
***id : V6S8jz0g2NZOqcu0***
[INFO ] 2018-03-21 13:07:10,080 method:com.test.framework.LogListener$1.execute(LogListener.java:81)
***label : 其他原因***
[INFO ] 2018-03-21 13:07:10,080 method:com.test.framework.LogListener$1.execute(LogListener.java:81)
***taskId : WIY4q42d0lUBQh4L***
[INFO ] 2018-03-21 13:07:10,081 method:com.test.framework.LogListener$1.execute(LogListener.java:63)
***0 : context have List type com.yzt.entity.CauseMeta
[INFO ] 2018-03-21 13:07:10,081 method:com.test.framework.LogListener$1.execute(LogListener.java:69)
***label : 其他原因***
[INFO ] 2018-03-21 13:07:10,081 method:com.test.framework.LogListener$1.execute(LogListener.java:69)
***id : V6S8jz0g2NZOqcu0***
[INFO ] 2018-03-21 13:07:10,081 method:com.test.framework.LogListener.onTestSuccess(LogListener.java:29)
************ current context massage ************ end ************
[INFO ] 2018-03-21 13:07:10,081 method:utils.DataProviders.<init>(DataProviders.java:87)
======Excel file path : C:\workspace\tms\src\test\resource\testdata\IPSTest.xlsx=======
[INFO ] 2018-03-21 13:07:10,174 method:com.test.framework.LogListener.onTestSuccess(LogListener.java:25)
===========================class org.testng.internal.TestResult.trunkEndTest run successed!============================
[INFO ] 2018-03-21 13:07:10,174 method:com.test.framework.LogListener.onTestSuccess(LogListener.java:27)
************ current context massage ************ start ************
[INFO ] 2018-03-21 13:07:10,174 method:com.test.framework.LogListener$1.execute(LogListener.java:77)
***context have Map type,size : 5***
[INFO ] 2018-03-21 13:07:10,174 method:com.test.framework.LogListener$1.execute(LogListener.java:81)
***jwt : Bearer eyJraWQiOiI3YTEzMDIzYS0wNDFhLTQwZDctYjNlYi0xODYyOGQ1YzQ5OGUiLCJhbGciOiJSUzI1NiJ9.eyJpc3MiOiJpc3N1ZXIiLCJhdWQiOiJhdWRpZW5jZSIsImV4cCI6MTUyMjgxODQzMCwianRpIjoiOFJVS2lLWDk3aGhEUG5NbVlGQkJpQSIsImlhdCI6MTUyMTYwODgzMCwibmJmIjoxNTIxNjA4NzEwLCJzdWIiOiIxNzU3NjA3NTQ3OCIsImF0dHJpYnV0ZXMiOiJ7XCJtb2JpbGVcIjpcIjE3NTc2MDc1NDc4XCIsXCJyZWFsTmFtZVwiOlwi5oi06ZuE5Z2kLea1i-ivlVwiLFwiZW1haWxWZXJpZnlcIjpmYWxzZSxcIiRleHBpcmF0aW9uLXRpbWVcIjoxNTIyODE4NDMwMTU1LFwic3RhdHVzXCI6XCJhY3RpdmF0ZWRcIn0ifQ.D3WVboUezf-_tltA75_ggwywXLJhnwPRyIbLvWuzPRWD-7jok3stW12PO-bEkzgf4TZFSoHPkGTXMAKqdYlGSUODUmpb5OvD4S_pzv4WVO_QbtCtfkA2o9AgxVMdf0igL2N2Z85uRK_akLDezIrhn0EgV4hEF50L-Hd34fweWGoxpdV_7LKQJPKx4fvRtMhFThleWJZqQ-EClmTGamotLDtIkM-2WbrsoZw3TwW1Okf_-nCZreMtyIQ9JuV-iPqBGUHLSDvIOtvIGlHADkmxPViHN4jl72KIoD5YFh2LJFUXGMK1nNuQs2Wq2QK_HM3KsusWkqwINweGKRcCkguxZQ***
[INFO ] 2018-03-21 13:07:10,175 method:com.test.framework.LogListener$1.execute(LogListener.java:81)
***waybillId : 1zt003000003***
[INFO ] 2018-03-21 13:07:10,175 method:com.test.framework.LogListener$1.execute(LogListener.java:81)
***id : V6S8jz0g2NZOqcu0***
[INFO ] 2018-03-21 13:07:10,175 method:com.test.framework.LogListener$1.execute(LogListener.java:81)
***label : 其他原因***
[INFO ] 2018-03-21 13:07:10,175 method:com.test.framework.LogListener$1.execute(LogListener.java:81)
***taskId : WIY4q42d0lUBQh4L***
[INFO ] 2018-03-21 13:07:10,175 method:com.test.framework.LogListener$1.execute(LogListener.java:63)
***0 : context have List type com.yzt.entity.CauseMeta
[INFO ] 2018-03-21 13:07:10,175 method:com.test.framework.LogListener$1.execute(LogListener.java:69)
***label : 其他原因***
[INFO ] 2018-03-21 13:07:10,175 method:com.test.framework.LogListener$1.execute(LogListener.java:69)
***id : V6S8jz0g2NZOqcu0***
[INFO ] 2018-03-21 13:07:10,176 method:com.test.framework.LogListener.onTestSuccess(LogListener.java:29)
************ current context massage ************ end ************
[INFO ] 2018-03-21 13:07:10,176 method:utils.DataProviders.<init>(DataProviders.java:87)
======Excel file path : C:\workspace\tms\src\test\resource\testdata\IPSTest.xlsx=======
[INFO ] 2018-03-21 13:07:10,247 method:com.test.framework.LogListener.onTestSuccess(LogListener.java:25)
===========================class org.testng.internal.TestResult.findTaskFeeTest run successed!============================
[INFO ] 2018-03-21 13:07:10,247 method:com.test.framework.LogListener.onTestSuccess(LogListener.java:27)
************ current context massage ************ start ************
[INFO ] 2018-03-21 13:07:10,247 method:com.test.framework.LogListener$1.execute(LogListener.java:77)
***context have Map type,size : 8***
[INFO ] 2018-03-21 13:07:10,248 method:com.test.framework.LogListener$1.execute(LogListener.java:81)
***installFee : 0.00***
[INFO ] 2018-03-21 13:07:10,248 method:com.test.framework.LogListener$1.execute(LogListener.java:81)
***mediateFee : 0***
[INFO ] 2018-03-21 13:07:10,248 method:com.test.framework.LogListener$1.execute(LogListener.java:81)
***jwt : Bearer eyJraWQiOiI3YTEzMDIzYS0wNDFhLTQwZDctYjNlYi0xODYyOGQ1YzQ5OGUiLCJhbGciOiJSUzI1NiJ9.eyJpc3MiOiJpc3N1ZXIiLCJhdWQiOiJhdWRpZW5jZSIsImV4cCI6MTUyMjgxODQzMCwianRpIjoiOFJVS2lLWDk3aGhEUG5NbVlGQkJpQSIsImlhdCI6MTUyMTYwODgzMCwibmJmIjoxNTIxNjA4NzEwLCJzdWIiOiIxNzU3NjA3NTQ3OCIsImF0dHJpYnV0ZXMiOiJ7XCJtb2JpbGVcIjpcIjE3NTc2MDc1NDc4XCIsXCJyZWFsTmFtZVwiOlwi5oi06ZuE5Z2kLea1i-ivlVwiLFwiZW1haWxWZXJpZnlcIjpmYWxzZSxcIiRleHBpcmF0aW9uLXRpbWVcIjoxNTIyODE4NDMwMTU1LFwic3RhdHVzXCI6XCJhY3RpdmF0ZWRcIn0ifQ.D3WVboUezf-_tltA75_ggwywXLJhnwPRyIbLvWuzPRWD-7jok3stW12PO-bEkzgf4TZFSoHPkGTXMAKqdYlGSUODUmpb5OvD4S_pzv4WVO_QbtCtfkA2o9AgxVMdf0igL2N2Z85uRK_akLDezIrhn0EgV4hEF50L-Hd34fweWGoxpdV_7LKQJPKx4fvRtMhFThleWJZqQ-EClmTGamotLDtIkM-2WbrsoZw3TwW1Okf_-nCZreMtyIQ9JuV-iPqBGUHLSDvIOtvIGlHADkmxPViHN4jl72KIoD5YFh2LJFUXGMK1nNuQs2Wq2QK_HM3KsusWkqwINweGKRcCkguxZQ***
[INFO ] 2018-03-21 13:07:10,248 method:com.test.framework.LogListener$1.execute(LogListener.java:81)
***waybillId : 1zt003000003***
[INFO ] 2018-03-21 13:07:10,248 method:com.test.framework.LogListener$1.execute(LogListener.java:81)
***branchFee : 99.00***
[INFO ] 2018-03-21 13:07:10,248 method:com.test.framework.LogListener$1.execute(LogListener.java:81)
***id : V6S8jz0g2NZOqcu0***
[INFO ] 2018-03-21 13:07:10,248 method:com.test.framework.LogListener$1.execute(LogListener.java:81)
***label : 其他原因***
[INFO ] 2018-03-21 13:07:10,248 method:com.test.framework.LogListener$1.execute(LogListener.java:81)
***taskId : WIY4q42d0lUBQh4L***
[INFO ] 2018-03-21 13:07:10,248 method:com.test.framework.LogListener$1.execute(LogListener.java:63)
***0 : context have List type com.yzt.entity.CauseMeta
[INFO ] 2018-03-21 13:07:10,249 method:com.test.framework.LogListener$1.execute(LogListener.java:69)
***label : 其他原因***
[INFO ] 2018-03-21 13:07:10,249 method:com.test.framework.LogListener$1.execute(LogListener.java:69)
***id : V6S8jz0g2NZOqcu0***
[INFO ] 2018-03-21 13:07:10,249 method:com.test.framework.LogListener.onTestSuccess(LogListener.java:29)
************ current context massage ************ end ************
[INFO ] 2018-03-21 13:07:10,249 method:utils.DataProviders.<init>(DataProviders.java:87)
======Excel file path : C:\workspace\tms\src\test\resource\testdata\IPSTest.xlsx=======
[INFO ] 2018-03-21 13:07:10,329 method:com.test.framework.LogListener.onTestSuccess(LogListener.java:25)
===========================class org.testng.internal.TestResult.saveTaskTraceTest run successed!============================
[INFO ] 2018-03-21 13:07:10,329 method:com.test.framework.LogListener.onTestSuccess(LogListener.java:27)
************ current context massage ************ start ************
[INFO ] 2018-03-21 13:07:10,330 method:com.test.framework.LogListener$1.execute(LogListener.java:77)
***context have Map type,size : 8***
[INFO ] 2018-03-21 13:07:10,330 method:com.test.framework.LogListener$1.execute(LogListener.java:81)
***installFee : 0.00***
[INFO ] 2018-03-21 13:07:10,330 method:com.test.framework.LogListener$1.execute(LogListener.java:81)
***mediateFee : 0***
[INFO ] 2018-03-21 13:07:10,330 method:com.test.framework.LogListener$1.execute(LogListener.java:81)
***jwt : Bearer eyJraWQiOiI3YTEzMDIzYS0wNDFhLTQwZDctYjNlYi0xODYyOGQ1YzQ5OGUiLCJhbGciOiJSUzI1NiJ9.eyJpc3MiOiJpc3N1ZXIiLCJhdWQiOiJhdWRpZW5jZSIsImV4cCI6MTUyMjgxODQzMCwianRpIjoiOFJVS2lLWDk3aGhEUG5NbVlGQkJpQSIsImlhdCI6MTUyMTYwODgzMCwibmJmIjoxNTIxNjA4NzEwLCJzdWIiOiIxNzU3NjA3NTQ3OCIsImF0dHJpYnV0ZXMiOiJ7XCJtb2JpbGVcIjpcIjE3NTc2MDc1NDc4XCIsXCJyZWFsTmFtZVwiOlwi5oi06ZuE5Z2kLea1i-ivlVwiLFwiZW1haWxWZXJpZnlcIjpmYWxzZSxcIiRleHBpcmF0aW9uLXRpbWVcIjoxNTIyODE4NDMwMTU1LFwic3RhdHVzXCI6XCJhY3RpdmF0ZWRcIn0ifQ.D3WVboUezf-_tltA75_ggwywXLJhnwPRyIbLvWuzPRWD-7jok3stW12PO-bEkzgf4TZFSoHPkGTXMAKqdYlGSUODUmpb5OvD4S_pzv4WVO_QbtCtfkA2o9AgxVMdf0igL2N2Z85uRK_akLDezIrhn0EgV4hEF50L-Hd34fweWGoxpdV_7LKQJPKx4fvRtMhFThleWJZqQ-EClmTGamotLDtIkM-2WbrsoZw3TwW1Okf_-nCZreMtyIQ9JuV-iPqBGUHLSDvIOtvIGlHADkmxPViHN4jl72KIoD5YFh2LJFUXGMK1nNuQs2Wq2QK_HM3KsusWkqwINweGKRcCkguxZQ***
[INFO ] 2018-03-21 13:07:10,330 method:com.test.framework.LogListener$1.execute(LogListener.java:81)
***waybillId : 1zt003000003***
[INFO ] 2018-03-21 13:07:10,330 method:com.test.framework.LogListener$1.execute(LogListener.java:81)
***branchFee : 99.00***
[INFO ] 2018-03-21 13:07:10,330 method:com.test.framework.LogListener$1.execute(LogListener.java:81)
***id : V6S8jz0g2NZOqcu0***
[INFO ] 2018-03-21 13:07:10,330 method:com.test.framework.LogListener$1.execute(LogListener.java:81)
***label : 其他原因***
[INFO ] 2018-03-21 13:07:10,331 method:com.test.framework.LogListener$1.execute(LogListener.java:81)
***taskId : WIY4q42d0lUBQh4L***
[INFO ] 2018-03-21 13:07:10,331 method:com.test.framework.LogListener$1.execute(LogListener.java:63)
***0 : context have List type com.yzt.entity.CauseMeta
[INFO ] 2018-03-21 13:07:10,331 method:com.test.framework.LogListener$1.execute(LogListener.java:69)
***label : 其他原因***
[INFO ] 2018-03-21 13:07:10,331 method:com.test.framework.LogListener$1.execute(LogListener.java:69)
***id : V6S8jz0g2NZOqcu0***
[INFO ] 2018-03-21 13:07:10,331 method:com.test.framework.LogListener.onTestSuccess(LogListener.java:29)
************ current context massage ************ end ************
[INFO ] 2018-03-21 13:07:10,331 method:utils.DataProviders.<init>(DataProviders.java:87)
======Excel file path : C:\workspace\tms\src\test\resource\testdata\IPSTest.xlsx=======
[INFO ] 2018-03-21 13:07:11,525 method:com.test.framework.LogListener.onTestSuccess(LogListener.java:25)
===========================class org.testng.internal.TestResult.queryUserJztTest run successed!============================
[INFO ] 2018-03-21 13:07:11,525 method:com.test.framework.LogListener.onTestSuccess(LogListener.java:27)
************ current context massage ************ start ************
[INFO ] 2018-03-21 13:07:11,526 method:com.test.framework.LogListener$1.execute(LogListener.java:77)
***context have Map type,size : 9***
[INFO ] 2018-03-21 13:07:11,526 method:com.test.framework.LogListener$1.execute(LogListener.java:81)
***installFee : 0.00***
[INFO ] 2018-03-21 13:07:11,526 method:com.test.framework.LogListener$1.execute(LogListener.java:81)
***mediateFee : 0***
[INFO ] 2018-03-21 13:07:11,526 method:com.test.framework.LogListener$1.execute(LogListener.java:81)
***realName : 丽萍***
[INFO ] 2018-03-21 13:07:11,526 method:com.test.framework.LogListener$1.execute(LogListener.java:81)
***jwt : Bearer eyJraWQiOiI3YTEzMDIzYS0wNDFhLTQwZDctYjNlYi0xODYyOGQ1YzQ5OGUiLCJhbGciOiJSUzI1NiJ9.eyJpc3MiOiJpc3N1ZXIiLCJhdWQiOiJhdWRpZW5jZSIsImV4cCI6MTUyMjgxODQzMCwianRpIjoiOFJVS2lLWDk3aGhEUG5NbVlGQkJpQSIsImlhdCI6MTUyMTYwODgzMCwibmJmIjoxNTIxNjA4NzEwLCJzdWIiOiIxNzU3NjA3NTQ3OCIsImF0dHJpYnV0ZXMiOiJ7XCJtb2JpbGVcIjpcIjE3NTc2MDc1NDc4XCIsXCJyZWFsTmFtZVwiOlwi5oi06ZuE5Z2kLea1i-ivlVwiLFwiZW1haWxWZXJpZnlcIjpmYWxzZSxcIiRleHBpcmF0aW9uLXRpbWVcIjoxNTIyODE4NDMwMTU1LFwic3RhdHVzXCI6XCJhY3RpdmF0ZWRcIn0ifQ.D3WVboUezf-_tltA75_ggwywXLJhnwPRyIbLvWuzPRWD-7jok3stW12PO-bEkzgf4TZFSoHPkGTXMAKqdYlGSUODUmpb5OvD4S_pzv4WVO_QbtCtfkA2o9AgxVMdf0igL2N2Z85uRK_akLDezIrhn0EgV4hEF50L-Hd34fweWGoxpdV_7LKQJPKx4fvRtMhFThleWJZqQ-EClmTGamotLDtIkM-2WbrsoZw3TwW1Okf_-nCZreMtyIQ9JuV-iPqBGUHLSDvIOtvIGlHADkmxPViHN4jl72KIoD5YFh2LJFUXGMK1nNuQs2Wq2QK_HM3KsusWkqwINweGKRcCkguxZQ***
[INFO ] 2018-03-21 13:07:11,526 method:com.test.framework.LogListener$1.execute(LogListener.java:81)
***waybillId : 1zt003000003***
[INFO ] 2018-03-21 13:07:11,526 method:com.test.framework.LogListener$1.execute(LogListener.java:81)
***branchFee : 99.00***
[INFO ] 2018-03-21 13:07:11,526 method:com.test.framework.LogListener$1.execute(LogListener.java:81)
***id : WBFzCGwIpM4Z6LUm***
[INFO ] 2018-03-21 13:07:11,526 method:com.test.framework.LogListener$1.execute(LogListener.java:81)
***label : 其他原因***
[INFO ] 2018-03-21 13:07:11,527 method:com.test.framework.LogListener$1.execute(LogListener.java:81)
***taskId : WIY4q42d0lUBQh4L***
[INFO ] 2018-03-21 13:07:11,527 method:com.test.framework.LogListener$1.execute(LogListener.java:63)
***0 : context have List type com.yzt.entity.CauseMeta
[INFO ] 2018-03-21 13:07:11,527 method:com.test.framework.LogListener$1.execute(LogListener.java:69)
***label : 其他原因***
[INFO ] 2018-03-21 13:07:11,527 method:com.test.framework.LogListener$1.execute(LogListener.java:69)
***id : V6S8jz0g2NZOqcu0***
[INFO ] 2018-03-21 13:07:11,527 method:com.test.framework.LogListener$1.execute(LogListener.java:63)
***1 : context have List type com.yzt.entity.Worker
[INFO ] 2018-03-21 13:07:11,527 method:com.test.framework.LogListener$1.execute(LogListener.java:69)
***realname : null***
[INFO ] 2018-03-21 13:07:11,527 method:com.test.framework.LogListener$1.execute(LogListener.java:69)
***id : WBFzCGwIpM4Z6LUm***
[INFO ] 2018-03-21 13:07:11,527 method:com.test.framework.LogListener.onTestSuccess(LogListener.java:29)
************ current context massage ************ end ************
[INFO ] 2018-03-21 13:07:11,528 method:utils.DataProviders.<init>(DataProviders.java:87)
======Excel file path : C:\workspace\tms\src\test\resource\testdata\IPSTest.xlsx=======
[INFO ] 2018-03-21 13:07:11,668 method:com.test.framework.LogListener.onTestSuccess(LogListener.java:25)
===========================class org.testng.internal.TestResult.batDisWorkerTest run successed!============================
[INFO ] 2018-03-21 13:07:11,668 method:com.test.framework.LogListener.onTestSuccess(LogListener.java:27)
************ current context massage ************ start ************
[INFO ] 2018-03-21 13:07:11,668 method:com.test.framework.LogListener$1.execute(LogListener.java:77)
***context have Map type,size : 9***
[INFO ] 2018-03-21 13:07:11,669 method:com.test.framework.LogListener$1.execute(LogListener.java:81)
***installFee : 0.00***
[INFO ] 2018-03-21 13:07:11,669 method:com.test.framework.LogListener$1.execute(LogListener.java:81)
***mediateFee : 0***
[INFO ] 2018-03-21 13:07:11,669 method:com.test.framework.LogListener$1.execute(LogListener.java:81)
***realName : 丽萍***
[INFO ] 2018-03-21 13:07:11,669 method:com.test.framework.LogListener$1.execute(LogListener.java:81)
***jwt : Bearer eyJraWQiOiI3YTEzMDIzYS0wNDFhLTQwZDctYjNlYi0xODYyOGQ1YzQ5OGUiLCJhbGciOiJSUzI1NiJ9.eyJpc3MiOiJpc3N1ZXIiLCJhdWQiOiJhdWRpZW5jZSIsImV4cCI6MTUyMjgxODQzMCwianRpIjoiOFJVS2lLWDk3aGhEUG5NbVlGQkJpQSIsImlhdCI6MTUyMTYwODgzMCwibmJmIjoxNTIxNjA4NzEwLCJzdWIiOiIxNzU3NjA3NTQ3OCIsImF0dHJpYnV0ZXMiOiJ7XCJtb2JpbGVcIjpcIjE3NTc2MDc1NDc4XCIsXCJyZWFsTmFtZVwiOlwi5oi06ZuE5Z2kLea1i-ivlVwiLFwiZW1haWxWZXJpZnlcIjpmYWxzZSxcIiRleHBpcmF0aW9uLXRpbWVcIjoxNTIyODE4NDMwMTU1LFwic3RhdHVzXCI6XCJhY3RpdmF0ZWRcIn0ifQ.D3WVboUezf-_tltA75_ggwywXLJhnwPRyIbLvWuzPRWD-7jok3stW12PO-bEkzgf4TZFSoHPkGTXMAKqdYlGSUODUmpb5OvD4S_pzv4WVO_QbtCtfkA2o9AgxVMdf0igL2N2Z85uRK_akLDezIrhn0EgV4hEF50L-Hd34fweWGoxpdV_7LKQJPKx4fvRtMhFThleWJZqQ-EClmTGamotLDtIkM-2WbrsoZw3TwW1Okf_-nCZreMtyIQ9JuV-iPqBGUHLSDvIOtvIGlHADkmxPViHN4jl72KIoD5YFh2LJFUXGMK1nNuQs2Wq2QK_HM3KsusWkqwINweGKRcCkguxZQ***
[INFO ] 2018-03-21 13:07:11,669 method:com.test.framework.LogListener$1.execute(LogListener.java:81)
***waybillId : 1zt003000003***
[INFO ] 2018-03-21 13:07:11,669 method:com.test.framework.LogListener$1.execute(LogListener.java:81)
***branchFee : 99.00***
[INFO ] 2018-03-21 13:07:11,669 method:com.test.framework.LogListener$1.execute(LogListener.java:81)
***id : WBFzCGwIpM4Z6LUm***
[INFO ] 2018-03-21 13:07:11,669 method:com.test.framework.LogListener$1.execute(LogListener.java:81)
***label : 其他原因***
[INFO ] 2018-03-21 13:07:11,669 method:com.test.framework.LogListener$1.execute(LogListener.java:81)
***taskId : WIY4q42d0lUBQh4L***
[INFO ] 2018-03-21 13:07:11,670 method:com.test.framework.LogListener$1.execute(LogListener.java:63)
***0 : context have List type com.yzt.entity.CauseMeta
[INFO ] 2018-03-21 13:07:11,670 method:com.test.framework.LogListener$1.execute(LogListener.java:69)
***label : 其他原因***
[INFO ] 2018-03-21 13:07:11,670 method:com.test.framework.LogListener$1.execute(LogListener.java:69)
***id : V6S8jz0g2NZOqcu0***
[INFO ] 2018-03-21 13:07:11,670 method:com.test.framework.LogListener$1.execute(LogListener.java:63)
***1 : context have List type com.yzt.entity.Worker
[INFO ] 2018-03-21 13:07:11,670 method:com.test.framework.LogListener$1.execute(LogListener.java:69)
***realname : null***
[INFO ] 2018-03-21 13:07:11,670 method:com.test.framework.LogListener$1.execute(LogListener.java:69)
***id : WBFzCGwIpM4Z6LUm***
[INFO ] 2018-03-21 13:07:11,670 method:com.test.framework.LogListener.onTestSuccess(LogListener.java:29)
************ current context massage ************ end ************
[INFO ] 2018-03-21 13:07:11,671 method:utils.DataProviders.<init>(DataProviders.java:87)
======Excel file path : C:\workspace\tms\src\test\resource\testdata\IPSTest.xlsx=======
[INFO ] 2018-03-21 13:07:11,785 method:com.test.framework.LogListener.onTestSuccess(LogListener.java:25)
===========================class org.testng.internal.TestResult.appointmentTest run successed!============================
[INFO ] 2018-03-21 13:07:11,785 method:com.test.framework.LogListener.onTestSuccess(LogListener.java:27)
************ current context massage ************ start ************
[INFO ] 2018-03-21 13:07:11,785 method:com.test.framework.LogListener$1.execute(LogListener.java:77)
***context have Map type,size : 9***
[INFO ] 2018-03-21 13:07:11,785 method:com.test.framework.LogListener$1.execute(LogListener.java:81)
***installFee : 0.00***
[INFO ] 2018-03-21 13:07:11,785 method:com.test.framework.LogListener$1.execute(LogListener.java:81)
***mediateFee : 0***
[INFO ] 2018-03-21 13:07:11,785 method:com.test.framework.LogListener$1.execute(LogListener.java:81)
***realName : 丽萍***
[INFO ] 2018-03-21 13:07:11,785 method:com.test.framework.LogListener$1.execute(LogListener.java:81)
***jwt : Bearer eyJraWQiOiI3YTEzMDIzYS0wNDFhLTQwZDctYjNlYi0xODYyOGQ1YzQ5OGUiLCJhbGciOiJSUzI1NiJ9.eyJpc3MiOiJpc3N1ZXIiLCJhdWQiOiJhdWRpZW5jZSIsImV4cCI6MTUyMjgxODQzMCwianRpIjoiOFJVS2lLWDk3aGhEUG5NbVlGQkJpQSIsImlhdCI6MTUyMTYwODgzMCwibmJmIjoxNTIxNjA4NzEwLCJzdWIiOiIxNzU3NjA3NTQ3OCIsImF0dHJpYnV0ZXMiOiJ7XCJtb2JpbGVcIjpcIjE3NTc2MDc1NDc4XCIsXCJyZWFsTmFtZVwiOlwi5oi06ZuE5Z2kLea1i-ivlVwiLFwiZW1haWxWZXJpZnlcIjpmYWxzZSxcIiRleHBpcmF0aW9uLXRpbWVcIjoxNTIyODE4NDMwMTU1LFwic3RhdHVzXCI6XCJhY3RpdmF0ZWRcIn0ifQ.D3WVboUezf-_tltA75_ggwywXLJhnwPRyIbLvWuzPRWD-7jok3stW12PO-bEkzgf4TZFSoHPkGTXMAKqdYlGSUODUmpb5OvD4S_pzv4WVO_QbtCtfkA2o9AgxVMdf0igL2N2Z85uRK_akLDezIrhn0EgV4hEF50L-Hd34fweWGoxpdV_7LKQJPKx4fvRtMhFThleWJZqQ-EClmTGamotLDtIkM-2WbrsoZw3TwW1Okf_-nCZreMtyIQ9JuV-iPqBGUHLSDvIOtvIGlHADkmxPViHN4jl72KIoD5YFh2LJFUXGMK1nNuQs2Wq2QK_HM3KsusWkqwINweGKRcCkguxZQ***
[INFO ] 2018-03-21 13:07:11,786 method:com.test.framework.LogListener$1.execute(LogListener.java:81)
***waybillId : 1zt003000003***
[INFO ] 2018-03-21 13:07:11,786 method:com.test.framework.LogListener$1.execute(LogListener.java:81)
***branchFee : 99.00***
[INFO ] 2018-03-21 13:07:11,786 method:com.test.framework.LogListener$1.execute(LogListener.java:81)
***id : WBFzCGwIpM4Z6LUm***
[INFO ] 2018-03-21 13:07:11,786 method:com.test.framework.LogListener$1.execute(LogListener.java:81)
***label : 其他原因***
[INFO ] 2018-03-21 13:07:11,786 method:com.test.framework.LogListener$1.execute(LogListener.java:81)
***taskId : WIY4q42d0lUBQh4L***
[INFO ] 2018-03-21 13:07:11,786 method:com.test.framework.LogListener$1.execute(LogListener.java:63)
***0 : context have List type com.yzt.entity.CauseMeta
[INFO ] 2018-03-21 13:07:11,786 method:com.test.framework.LogListener$1.execute(LogListener.java:69)
***label : 其他原因***
[INFO ] 2018-03-21 13:07:11,786 method:com.test.framework.LogListener$1.execute(LogListener.java:69)
***id : V6S8jz0g2NZOqcu0***
[INFO ] 2018-03-21 13:07:11,786 method:com.test.framework.LogListener$1.execute(LogListener.java:63)
***1 : context have List type com.yzt.entity.Worker
[INFO ] 2018-03-21 13:07:11,786 method:com.test.framework.LogListener$1.execute(LogListener.java:69)
***realname : null***
[INFO ] 2018-03-21 13:07:11,787 method:com.test.framework.LogListener$1.execute(LogListener.java:69)
***id : WBFzCGwIpM4Z6LUm***
[INFO ] 2018-03-21 13:07:11,787 method:com.test.framework.LogListener.onTestSuccess(LogListener.java:29)
************ current context massage ************ end ************
[INFO ] 2018-03-21 13:07:11,787 method:utils.DataProviders.<init>(DataProviders.java:87)
======Excel file path : C:\workspace\tms\src\test\resource\testdata\IPSTest.xlsx=======
[INFO ] 2018-03-21 13:07:11,880 method:com.test.framework.LogListener.onTestSuccess(LogListener.java:25)
===========================class org.testng.internal.TestResult.pickUpTest run successed!============================
[INFO ] 2018-03-21 13:07:11,880 method:com.test.framework.LogListener.onTestSuccess(LogListener.java:27)
************ current context massage ************ start ************
[INFO ] 2018-03-21 13:07:11,880 method:com.test.framework.LogListener$1.execute(LogListener.java:77)
***context have Map type,size : 9***
[INFO ] 2018-03-21 13:07:11,880 method:com.test.framework.LogListener$1.execute(LogListener.java:81)
***installFee : 0.00***
[INFO ] 2018-03-21 13:07:11,880 method:com.test.framework.LogListener$1.execute(LogListener.java:81)
***mediateFee : 0***
[INFO ] 2018-03-21 13:07:11,880 method:com.test.framework.LogListener$1.execute(LogListener.java:81)
***realName : 丽萍***
[INFO ] 2018-03-21 13:07:11,880 method:com.test.framework.LogListener$1.execute(LogListener.java:81)
***jwt : Bearer eyJraWQiOiI3YTEzMDIzYS0wNDFhLTQwZDctYjNlYi0xODYyOGQ1YzQ5OGUiLCJhbGciOiJSUzI1NiJ9.eyJpc3MiOiJpc3N1ZXIiLCJhdWQiOiJhdWRpZW5jZSIsImV4cCI6MTUyMjgxODQzMCwianRpIjoiOFJVS2lLWDk3aGhEUG5NbVlGQkJpQSIsImlhdCI6MTUyMTYwODgzMCwibmJmIjoxNTIxNjA4NzEwLCJzdWIiOiIxNzU3NjA3NTQ3OCIsImF0dHJpYnV0ZXMiOiJ7XCJtb2JpbGVcIjpcIjE3NTc2MDc1NDc4XCIsXCJyZWFsTmFtZVwiOlwi5oi06ZuE5Z2kLea1i-ivlVwiLFwiZW1haWxWZXJpZnlcIjpmYWxzZSxcIiRleHBpcmF0aW9uLXRpbWVcIjoxNTIyODE4NDMwMTU1LFwic3RhdHVzXCI6XCJhY3RpdmF0ZWRcIn0ifQ.D3WVboUezf-_tltA75_ggwywXLJhnwPRyIbLvWuzPRWD-7jok3stW12PO-bEkzgf4TZFSoHPkGTXMAKqdYlGSUODUmpb5OvD4S_pzv4WVO_QbtCtfkA2o9AgxVMdf0igL2N2Z85uRK_akLDezIrhn0EgV4hEF50L-Hd34fweWGoxpdV_7LKQJPKx4fvRtMhFThleWJZqQ-EClmTGamotLDtIkM-2WbrsoZw3TwW1Okf_-nCZreMtyIQ9JuV-iPqBGUHLSDvIOtvIGlHADkmxPViHN4jl72KIoD5YFh2LJFUXGMK1nNuQs2Wq2QK_HM3KsusWkqwINweGKRcCkguxZQ***
[INFO ] 2018-03-21 13:07:11,880 method:com.test.framework.LogListener$1.execute(LogListener.java:81)
***waybillId : 1zt003000003***
[INFO ] 2018-03-21 13:07:11,880 method:com.test.framework.LogListener$1.execute(LogListener.java:81)
***branchFee : 99.00***
[INFO ] 2018-03-21 13:07:11,881 method:com.test.framework.LogListener$1.execute(LogListener.java:81)
***id : WBFzCGwIpM4Z6LUm***
[INFO ] 2018-03-21 13:07:11,881 method:com.test.framework.LogListener$1.execute(LogListener.java:81)
***label : 其他原因***
[INFO ] 2018-03-21 13:07:11,881 method:com.test.framework.LogListener$1.execute(LogListener.java:81)
***taskId : WIY4q42d0lUBQh4L***
[INFO ] 2018-03-21 13:07:11,881 method:com.test.framework.LogListener$1.execute(LogListener.java:63)
***0 : context have List type com.yzt.entity.CauseMeta
[INFO ] 2018-03-21 13:07:11,881 method:com.test.framework.LogListener$1.execute(LogListener.java:69)
***label : 其他原因***
[INFO ] 2018-03-21 13:07:11,881 method:com.test.framework.LogListener$1.execute(LogListener.java:69)
***id : V6S8jz0g2NZOqcu0***
[INFO ] 2018-03-21 13:07:11,881 method:com.test.framework.LogListener$1.execute(LogListener.java:63)
***1 : context have List type com.yzt.entity.Worker
[INFO ] 2018-03-21 13:07:11,881 method:com.test.framework.LogListener$1.execute(LogListener.java:69)
***realname : null***
[INFO ] 2018-03-21 13:07:11,881 method:com.test.framework.LogListener$1.execute(LogListener.java:69)
***id : WBFzCGwIpM4Z6LUm***
[INFO ] 2018-03-21 13:07:11,881 method:com.test.framework.LogListener.onTestSuccess(LogListener.java:29)
************ current context massage ************ end ************
[INFO ] 2018-03-21 13:07:12,193 method:com.test.framework.LogListener.onTestSuccess(LogListener.java:25)
===========================class org.testng.internal.TestResult.uploadToSignTest run successed!============================
[INFO ] 2018-03-21 13:07:12,193 method:com.test.framework.LogListener.onTestSuccess(LogListener.java:27)
************ current context massage ************ start ************
[INFO ] 2018-03-21 13:07:12,193 method:com.test.framework.LogListener$1.execute(LogListener.java:77)
***context have Map type,size : 13***
[INFO ] 2018-03-21 13:07:12,193 method:com.test.framework.LogListener$1.execute(LogListener.java:81)
***installFee : 0.00***
[INFO ] 2018-03-21 13:07:12,193 method:com.test.framework.LogListener$1.execute(LogListener.java:81)
***jwt : Bearer eyJraWQiOiI3YTEzMDIzYS0wNDFhLTQwZDctYjNlYi0xODYyOGQ1YzQ5OGUiLCJhbGciOiJSUzI1NiJ9.eyJpc3MiOiJpc3N1ZXIiLCJhdWQiOiJhdWRpZW5jZSIsImV4cCI6MTUyMjgxODQzMCwianRpIjoiOFJVS2lLWDk3aGhEUG5NbVlGQkJpQSIsImlhdCI6MTUyMTYwODgzMCwibmJmIjoxNTIxNjA4NzEwLCJzdWIiOiIxNzU3NjA3NTQ3OCIsImF0dHJpYnV0ZXMiOiJ7XCJtb2JpbGVcIjpcIjE3NTc2MDc1NDc4XCIsXCJyZWFsTmFtZVwiOlwi5oi06ZuE5Z2kLea1i-ivlVwiLFwiZW1haWxWZXJpZnlcIjpmYWxzZSxcIiRleHBpcmF0aW9uLXRpbWVcIjoxNTIyODE4NDMwMTU1LFwic3RhdHVzXCI6XCJhY3RpdmF0ZWRcIn0ifQ.D3WVboUezf-_tltA75_ggwywXLJhnwPRyIbLvWuzPRWD-7jok3stW12PO-bEkzgf4TZFSoHPkGTXMAKqdYlGSUODUmpb5OvD4S_pzv4WVO_QbtCtfkA2o9AgxVMdf0igL2N2Z85uRK_akLDezIrhn0EgV4hEF50L-Hd34fweWGoxpdV_7LKQJPKx4fvRtMhFThleWJZqQ-EClmTGamotLDtIkM-2WbrsoZw3TwW1Okf_-nCZreMtyIQ9JuV-iPqBGUHLSDvIOtvIGlHADkmxPViHN4jl72KIoD5YFh2LJFUXGMK1nNuQs2Wq2QK_HM3KsusWkqwINweGKRcCkguxZQ***
[INFO ] 2018-03-21 13:07:12,193 method:com.test.framework.LogListener$1.execute(LogListener.java:81)
***branchFee : 99.00***
[INFO ] 2018-03-21 13:07:12,193 method:com.test.framework.LogListener$1.execute(LogListener.java:81)
***label : 其他原因***
[INFO ] 2018-03-21 13:07:12,193 method:com.test.framework.LogListener$1.execute(LogListener.java:81)
***url : http://yztfile.gz.bcebos.com/WJG9DXSd0lUL2xob.jpg***
[INFO ] 2018-03-21 13:07:12,193 method:com.test.framework.LogListener$1.execute(LogListener.java:81)
***mediateFee : 0***
[INFO ] 2018-03-21 13:07:12,193 method:com.test.framework.LogListener$1.execute(LogListener.java:81)
***realName : 丽萍***
[INFO ] 2018-03-21 13:07:12,194 method:com.test.framework.LogListener$1.execute(LogListener.java:81)
***path : WJG9DXSd0lUL2xob.jpg***
[INFO ] 2018-03-21 13:07:12,194 method:com.test.framework.LogListener$1.execute(LogListener.java:81)
***name : sign.jpg***
[INFO ] 2018-03-21 13:07:12,194 method:com.test.framework.LogListener$1.execute(LogListener.java:81)
***waybillId : 1zt003000003***
[INFO ] 2018-03-21 13:07:12,194 method:com.test.framework.LogListener$1.execute(LogListener.java:81)
***etag : 9c5625f94c6611daf27938e5d084667c***
[INFO ] 2018-03-21 13:07:12,194 method:com.test.framework.LogListener$1.execute(LogListener.java:81)
***id : WJG9DXSd0lUL2xob***
[INFO ] 2018-03-21 13:07:12,194 method:com.test.framework.LogListener$1.execute(LogListener.java:81)
***taskId : WIY4q42d0lUBQh4L***
[INFO ] 2018-03-21 13:07:12,194 method:com.test.framework.LogListener$1.execute(LogListener.java:63)
***0 : context have List type com.yzt.entity.CauseMeta
[INFO ] 2018-03-21 13:07:12,194 method:com.test.framework.LogListener$1.execute(LogListener.java:69)
***label : 其他原因***
[INFO ] 2018-03-21 13:07:12,194 method:com.test.framework.LogListener$1.execute(LogListener.java:69)
***id : V6S8jz0g2NZOqcu0***
[INFO ] 2018-03-21 13:07:12,194 method:com.test.framework.LogListener$1.execute(LogListener.java:63)
***1 : context have List type com.yzt.entity.Worker
[INFO ] 2018-03-21 13:07:12,194 method:com.test.framework.LogListener$1.execute(LogListener.java:69)
***realname : null***
[INFO ] 2018-03-21 13:07:12,195 method:com.test.framework.LogListener$1.execute(LogListener.java:69)
***id : WBFzCGwIpM4Z6LUm***
[INFO ] 2018-03-21 13:07:12,195 method:com.test.framework.LogListener$1.execute(LogListener.java:63)
***2 : context have List type com.yzt.entity.SignImage
[INFO ] 2018-03-21 13:07:12,195 method:com.test.framework.LogListener$1.execute(LogListener.java:69)
***etag : 9c5625f94c6611daf27938e5d084667c***
[INFO ] 2018-03-21 13:07:12,195 method:com.test.framework.LogListener$1.execute(LogListener.java:69)
***id : WJG9DXSd0lUL2xob***
[INFO ] 2018-03-21 13:07:12,195 method:com.test.framework.LogListener$1.execute(LogListener.java:69)
***name : sign.jpg***
[INFO ] 2018-03-21 13:07:12,195 method:com.test.framework.LogListener$1.execute(LogListener.java:69)
***path : WJG9DXSd0lUL2xob.jpg***
[INFO ] 2018-03-21 13:07:12,195 method:com.test.framework.LogListener$1.execute(LogListener.java:69)
***url : http://yztfile.gz.bcebos.com/WJG9DXSd0lUL2xob.jpg***
[INFO ] 2018-03-21 13:07:12,195 method:com.test.framework.LogListener.onTestSuccess(LogListener.java:29)
************ current context massage ************ end ************
[INFO ] 2018-03-21 13:07:12,195 method:utils.DataProviders.<init>(DataProviders.java:87)
======Excel file path : C:\workspace\tms\src\test\resource\testdata\IPSTest.xlsx=======
[INFO ] 2018-03-21 13:07:12,277 method:com.test.framework.LogListener.onTestSuccess(LogListener.java:25)
===========================class org.testng.internal.TestResult.signTest run successed!============================
[INFO ] 2018-03-21 13:07:12,277 method:com.test.framework.LogListener.onTestSuccess(LogListener.java:27)
************ current context massage ************ start ************
[INFO ] 2018-03-21 13:07:12,277 method:com.test.framework.LogListener$1.execute(LogListener.java:77)
***context have Map type,size : 13***
[INFO ] 2018-03-21 13:07:12,277 method:com.test.framework.LogListener$1.execute(LogListener.java:81)
***installFee : 0.00***
[INFO ] 2018-03-21 13:07:12,277 method:com.test.framework.LogListener$1.execute(LogListener.java:81)
***jwt : Bearer eyJraWQiOiI3YTEzMDIzYS0wNDFhLTQwZDctYjNlYi0xODYyOGQ1YzQ5OGUiLCJhbGciOiJSUzI1NiJ9.eyJpc3MiOiJpc3N1ZXIiLCJhdWQiOiJhdWRpZW5jZSIsImV4cCI6MTUyMjgxODQzMCwianRpIjoiOFJVS2lLWDk3aGhEUG5NbVlGQkJpQSIsImlhdCI6MTUyMTYwODgzMCwibmJmIjoxNTIxNjA4NzEwLCJzdWIiOiIxNzU3NjA3NTQ3OCIsImF0dHJpYnV0ZXMiOiJ7XCJtb2JpbGVcIjpcIjE3NTc2MDc1NDc4XCIsXCJyZWFsTmFtZVwiOlwi5oi06ZuE5Z2kLea1i-ivlVwiLFwiZW1haWxWZXJpZnlcIjpmYWxzZSxcIiRleHBpcmF0aW9uLXRpbWVcIjoxNTIyODE4NDMwMTU1LFwic3RhdHVzXCI6XCJhY3RpdmF0ZWRcIn0ifQ.D3WVboUezf-_tltA75_ggwywXLJhnwPRyIbLvWuzPRWD-7jok3stW12PO-bEkzgf4TZFSoHPkGTXMAKqdYlGSUODUmpb5OvD4S_pzv4WVO_QbtCtfkA2o9AgxVMdf0igL2N2Z85uRK_akLDezIrhn0EgV4hEF50L-Hd34fweWGoxpdV_7LKQJPKx4fvRtMhFThleWJZqQ-EClmTGamotLDtIkM-2WbrsoZw3TwW1Okf_-nCZreMtyIQ9JuV-iPqBGUHLSDvIOtvIGlHADkmxPViHN4jl72KIoD5YFh2LJFUXGMK1nNuQs2Wq2QK_HM3KsusWkqwINweGKRcCkguxZQ***
[INFO ] 2018-03-21 13:07:12,277 method:com.test.framework.LogListener$1.execute(LogListener.java:81)
***branchFee : 99.00***
[INFO ] 2018-03-21 13:07:12,278 method:com.test.framework.LogListener$1.execute(LogListener.java:81)
***label : 其他原因***
[INFO ] 2018-03-21 13:07:12,278 method:com.test.framework.LogListener$1.execute(LogListener.java:81)
***url : http://yztfile.gz.bcebos.com/WJG9DXSd0lUL2xob.jpg***
[INFO ] 2018-03-21 13:07:12,278 method:com.test.framework.LogListener$1.execute(LogListener.java:81)
***mediateFee : 0***
[INFO ] 2018-03-21 13:07:12,278 method:com.test.framework.LogListener$1.execute(LogListener.java:81)
***realName : 丽萍***
[INFO ] 2018-03-21 13:07:12,278 method:com.test.framework.LogListener$1.execute(LogListener.java:81)
***path : WJG9DXSd0lUL2xob.jpg***
[INFO ] 2018-03-21 13:07:12,278 method:com.test.framework.LogListener$1.execute(LogListener.java:81)
***name : sign.jpg***
[INFO ] 2018-03-21 13:07:12,278 method:com.test.framework.LogListener$1.execute(LogListener.java:81)
***waybillId : 1zt003000003***
[INFO ] 2018-03-21 13:07:12,278 method:com.test.framework.LogListener$1.execute(LogListener.java:81)
***etag : 9c5625f94c6611daf27938e5d084667c***
[INFO ] 2018-03-21 13:07:12,278 method:com.test.framework.LogListener$1.execute(LogListener.java:81)
***id : WJG9DXSd0lUL2xob***
[INFO ] 2018-03-21 13:07:12,278 method:com.test.framework.LogListener$1.execute(LogListener.java:81)
***taskId : WIY4q42d0lUBQh4L***
[INFO ] 2018-03-21 13:07:12,278 method:com.test.framework.LogListener$1.execute(LogListener.java:63)
***0 : context have List type com.yzt.entity.CauseMeta
[INFO ] 2018-03-21 13:07:12,278 method:com.test.framework.LogListener$1.execute(LogListener.java:69)
***label : 其他原因***
[INFO ] 2018-03-21 13:07:12,278 method:com.test.framework.LogListener$1.execute(LogListener.java:69)
***id : V6S8jz0g2NZOqcu0***
[INFO ] 2018-03-21 13:07:12,278 method:com.test.framework.LogListener$1.execute(LogListener.java:63)
***1 : context have List type com.yzt.entity.Worker
[INFO ] 2018-03-21 13:07:12,278 method:com.test.framework.LogListener$1.execute(LogListener.java:69)
***realname : null***
[INFO ] 2018-03-21 13:07:12,278 method:com.test.framework.LogListener$1.execute(LogListener.java:69)
***id : WBFzCGwIpM4Z6LUm***
[INFO ] 2018-03-21 13:07:12,279 method:com.test.framework.LogListener$1.execute(LogListener.java:63)
***2 : context have List type com.yzt.entity.SignImage
[INFO ] 2018-03-21 13:07:12,279 method:com.test.framework.LogListener$1.execute(LogListener.java:69)
***etag : 9c5625f94c6611daf27938e5d084667c***
[INFO ] 2018-03-21 13:07:12,279 method:com.test.framework.LogListener$1.execute(LogListener.java:69)
***id : WJG9DXSd0lUL2xob***
[INFO ] 2018-03-21 13:07:12,279 method:com.test.framework.LogListener$1.execute(LogListener.java:69)
***name : sign.jpg***
[INFO ] 2018-03-21 13:07:12,279 method:com.test.framework.LogListener$1.execute(LogListener.java:69)
***path : WJG9DXSd0lUL2xob.jpg***
[INFO ] 2018-03-21 13:07:12,279 method:com.test.framework.LogListener$1.execute(LogListener.java:69)
***url : http://yztfile.gz.bcebos.com/WJG9DXSd0lUL2xob.jpg***
[INFO ] 2018-03-21 13:07:12,279 method:com.test.framework.LogListener.onTestSuccess(LogListener.java:29)
************ current context massage ************ end ************
